<?xml version="1.0" encoding="UTF-8"?>
<testsuite xmlns:xsi="http://www.w3.org/2001/XMLSchema-instance" xsi:noNamespaceSchemaLocation="https://maven.apache.org/surefire/maven-surefire-plugin/xsd/surefire-test-report-3.0.xsd" version="3.0" name="school.sptech.projetotophair.ProjetoTophairApplicationTests" time="11.851" tests="1" errors="0" skipped="0" failures="0">
  <properties>
[...]
</properties>
  <testcase name="contextLoads" classname="school.sptech.projetotophair.ProjetoTophairApplicationTests" time="0.717">
    <system-out><![CDATA[12:27:49.176 [main] INFO org.springframework.test.context.support.AnnotationConfigContextLoaderUtils -- Could not detect default configuration classes for test class [school.sptech.projetotophair.ProjetoTophairApplicationTests]: ProjetoTophairApplicationTests does not declare any static, non-private, non-final, nested classes annotated with @Configuration.
12:27:49.320 [main] INFO org.springframework.boot.test.context.SpringBootTestContextBootstrapper -- Found @SpringBootConfiguration school.sptech.projetotophair.ProjetoTophairApplication for test class school.sptech.projetotophair.ProjetoTophairApplicationTests

  .   ____          _            __ _ _
 /\\ / ___'_ __ _ _(_)_ __  __ _ \ \ \ \
( ( )\___ | '_ | '_| | '_ \/ _` | \ \ \ \
 \\/  ___)| |_)| | | | | || (_| |  ) ) ) )
  '  |____| .__|_| |_|_| |_\__, | / / / /
 =========|_|==============|___/=/_/_/_/
 :: Spring Boot ::                (v3.1.3)

2024-04-30T12:27:49.893-03:00  INFO 13644 --- [           main] s.s.p.ProjetoTophairApplicationTests     : Starting ProjetoTophairApplicationTests using Java 17.0.6 with PID 13644 (started by Silvio Tavares in C:\Users\User\Documents\sptech_semestre_4\pi\BE_userAPI)
2024-04-30T12:27:49.895-03:00  INFO 13644 --- [           main] s.s.p.ProjetoTophairApplicationTests     : No active profile set, falling back to 1 default profile: "default"
2024-04-30T12:27:51.658-03:00  INFO 13644 --- [           main] .s.d.r.c.RepositoryConfigurationDelegate : Bootstrapping Spring Data JPA repositories in DEFAULT mode.
2024-04-30T12:27:51.779-03:00  INFO 13644 --- [           main] .s.d.r.c.RepositoryConfigurationDelegate : Finished Spring Data repository scanning in 110 ms. Found 9 JPA repository interfaces.
2024-04-30T12:27:52.613-03:00  INFO 13644 --- [           main] com.zaxxer.hikari.HikariDataSource       : HikariPool-1 - Starting...
2024-04-30T12:27:52.971-03:00  INFO 13644 --- [           main] com.zaxxer.hikari.pool.HikariPool        : HikariPool-1 - Added connection conn0: url=jdbc:h2:mem:teste-security user=SA
2024-04-30T12:27:52.974-03:00  INFO 13644 --- [           main] com.zaxxer.hikari.HikariDataSource       : HikariPool-1 - Start completed.
2024-04-30T12:27:53.047-03:00  INFO 13644 --- [           main] o.hibernate.jpa.internal.util.LogHelper  : HHH000204: Processing PersistenceUnitInfo [name: default]
2024-04-30T12:27:53.139-03:00  INFO 13644 --- [           main] org.hibernate.Version                    : HHH000412: Hibernate ORM core version 6.2.7.Final
2024-04-30T12:27:53.142-03:00  INFO 13644 --- [           main] org.hibernate.cfg.Environment            : HHH000406: Using bytecode reflection optimizer
2024-04-30T12:27:53.466-03:00  INFO 13644 --- [           main] o.h.b.i.BytecodeProviderInitiator        : HHH000021: Bytecode provider name : bytebuddy
2024-04-30T12:27:53.727-03:00  INFO 13644 --- [           main] o.s.o.j.p.SpringPersistenceUnitInfo      : No LoadTimeWeaver setup: ignoring JPA class transformer
2024-04-30T12:27:54.356-03:00  INFO 13644 --- [           main] o.h.b.i.BytecodeProviderInitiator        : HHH000021: Bytecode provider name : bytebuddy
2024-04-30T12:27:55.857-03:00  INFO 13644 --- [           main] o.h.e.t.j.p.i.JtaPlatformInitiator       : HHH000490: Using JtaPlatform implementation: [org.hibernate.engine.transaction.jta.platform.internal.NoJtaPlatform]
Hibernate: drop table if exists agenda cascade 
Hibernate: drop table if exists agenda_servico cascade 
Hibernate: drop table if exists arquivo cascade 
Hibernate: drop table if exists avaliacao cascade 
Hibernate: drop table if exists empresa cascade 
Hibernate: drop table if exists endereco cascade 
Hibernate: drop table if exists historico_servico cascade 
Hibernate: drop table if exists servico cascade 
Hibernate: drop table if exists usuario cascade 
Hibernate: create table agenda (data date, fk_empresa bigint, id_agenda bigint generated by default as identity, hora varchar(255), status varchar(255), primary key (id_agenda))
Hibernate: create table agenda_servico (fk_agenda bigint, fk_servico bigint, id_agenda_servico bigint generated by default as identity, primary key (id_agenda_servico))
Hibernate: create table arquivo (data_upload date, id integer generated by default as identity, fk_empresa bigint, fk_usuario bigint unique, nome_arquivo_original varchar(255), nome_arquivo_salvo varchar(255), primary key (id))
Hibernate: create table avaliacao (nivel integer not null check ((nivel>=0) and (nivel<=5)), fk_empresa bigint, fk_usuario bigint, id_avaliacao bigint generated by default as identity, comentario varchar(255), primary key (id_avaliacao))
Hibernate: create table empresa (fk_endereco bigint unique, id_empresa bigint generated by default as identity, cnpj varchar(255), razao_social varchar(255), primary key (id_empresa))
Hibernate: create table endereco (numero integer, id_endereco bigint generated by default as identity, cep varchar(255), cidade varchar(255), complemento varchar(255), estado varchar(255), logradouro varchar(255), primary key (id_endereco))
Hibernate: create table historico_servico (ano integer not null, faturamento float(53) not null, mes integer not null, semana integer not null, fk_agenda bigint unique, id_historico_servico bigint generated by default as identity, primary key (id_historico_servico))
Hibernate: create table servico (preco float(53) not null, fk_agenda bigint unique, fk_empresa bigint, fk_endereco bigint, id_servico bigint generated by default as identity, nome_servico varchar(40), descricao varchar(250) not null, categoria varchar(255), qtd_tempo_servico varchar(255), tipo_servico varchar(255), primary key (id_servico))
Hibernate: create table usuario (fk_arquivo integer unique, is_profissional boolean, fk_agenda bigint, fk_empresa bigint, fk_endereco bigint unique, fk_servico bigint, id_usuario bigint generated by default as identity, cpf varchar(255), email varchar(255), nome_completo varchar(255), senha varchar(255), telefone varchar(255), primary key (id_usuario))
Hibernate: alter table if exists agenda add constraint FKfjodtew66pl1cwcnv2w0x9eig foreign key (fk_empresa) references empresa on delete set null
Hibernate: alter table if exists agenda_servico add constraint FKijrn8p0g6eyajhapeoupcf9mm foreign key (fk_agenda) references agenda
Hibernate: alter table if exists agenda_servico add constraint FKk3a1152geofv50d2ekhiqv3s9 foreign key (fk_servico) references servico
Hibernate: alter table if exists arquivo add constraint FKl0uq5gt9dfp4mobmloanyomb0 foreign key (fk_empresa) references empresa on delete cascade
Hibernate: alter table if exists arquivo add constraint FKkitd3pv0l6j6dripr1nbq53vl foreign key (fk_usuario) references usuario on delete set null
Hibernate: alter table if exists avaliacao add constraint FKcu1x12rgfbibas39glqvd2amw foreign key (fk_empresa) references empresa
Hibernate: alter table if exists avaliacao add constraint FK984xe990w43gtyn8quwnd0561 foreign key (fk_usuario) references usuario on delete set null
Hibernate: alter table if exists empresa add constraint FK8ison7iq23fgltyioh85skkf6 foreign key (fk_endereco) references endereco on delete cascade
Hibernate: alter table if exists historico_servico add constraint FKnpy6bs6pdx6hi99uw1aohbssk foreign key (fk_agenda) references agenda
Hibernate: alter table if exists servico add constraint FKdcb98v2wown91m0v6c2x09drw foreign key (fk_agenda) references agenda on delete set null
Hibernate: alter table if exists servico add constraint FKpklckmje05q0y0gltv0elk0bx foreign key (fk_empresa) references empresa on delete set null
Hibernate: alter table if exists servico add constraint FKq0064uc1085or9bpiwoabsrt4 foreign key (fk_endereco) references endereco on delete set null
Hibernate: alter table if exists usuario add constraint FKdgdvs3o2uenu6g5vlm0kjeuot foreign key (fk_agenda) references agenda on delete set null
Hibernate: alter table if exists usuario add constraint FK98vk690pohu1yuu5gjg26losy foreign key (fk_arquivo) references arquivo on delete cascade
Hibernate: alter table if exists usuario add constraint FK7l0ghkpb9l8jk1pvgok5hooml foreign key (fk_empresa) references empresa on delete cascade
Hibernate: alter table if exists usuario add constraint FKrcwxybu0rqr9nknjgggvw1cec foreign key (fk_endereco) references endereco on delete set null
Hibernate: alter table if exists usuario add constraint FKma2dlcn0vqbab8bx27e708v4p foreign key (fk_servico) references servico on delete set null
2024-04-30T12:27:55.964-03:00  INFO 13644 --- [           main] j.LocalContainerEntityManagerFactoryBean : Initialized JPA EntityManagerFactory for persistence unit 'default'
2024-04-30T12:27:56.664-03:00  INFO 13644 --- [           main] o.s.d.j.r.query.QueryEnhancerFactory     : Hibernate is in classpath; If applicable, HQL parser will be used.
2024-04-30T12:27:58.073-03:00  WARN 13644 --- [           main] JpaBaseConfiguration$JpaWebConfiguration : spring.jpa.open-in-view is enabled by default. Therefore, database queries may be performed during view rendering. Explicitly configure spring.jpa.open-in-view to disable this warning
2024-04-30T12:27:58.459-03:00  INFO 13644 --- [           main] o.s.s.web.DefaultSecurityFilterChain     : Will secure any request with [org.springframework.security.web.session.DisableEncodeUrlFilter@7b3489b7, org.springframework.security.web.context.request.async.WebAsyncManagerIntegrationFilter@4df3b838, org.springframework.security.web.context.SecurityContextHolderFilter@298154d4, org.springframework.security.web.header.HeaderWriterFilter@13088030, org.springframework.web.filter.CorsFilter@3821a012, org.springframework.security.web.authentication.logout.LogoutFilter@191d69a, school.sptech.projetotophair.api.configuration.security.AutenticacaoFilter@549fc0b3, org.springframework.security.web.savedrequest.RequestCacheAwareFilter@7cb9295f, org.springframework.security.web.servletapi.SecurityContextHolderAwareRequestFilter@2b6282bb, org.springframework.security.web.authentication.AnonymousAuthenticationFilter@2efda33d, org.springframework.security.web.session.SessionManagementFilter@6990f6af, org.springframework.security.web.access.ExceptionTranslationFilter@21339b6f, org.springframework.security.web.access.intercept.AuthorizationFilter@510cefb6]
2024-04-30T12:27:59.633-03:00  INFO 13644 --- [           main] o.s.b.a.h2.H2ConsoleAutoConfiguration    : H2 console available at '/h2-console'. Database available at 'jdbc:h2:mem:teste-security'
2024-04-30T12:27:59.843-03:00  INFO 13644 --- [           main] o.s.b.a.e.web.EndpointLinksResolver      : Exposing 1 endpoint(s) beneath base path '/actuator'
2024-04-30T12:28:00.006-03:00  INFO 13644 --- [           main] s.s.p.ProjetoTophairApplicationTests     : Started ProjetoTophairApplicationTests in 10.436 seconds (process running for 11.712)
]]></system-out>
  </testcase>
</testsuite>